SF:lib\domain\usecases\search_movies.dart
DA:8,1
DA:10,1
DA:11,2
LF:3
LH:3
end_of_record
SF:lib\domain\usecases\search_tv.dart
DA:8,1
DA:10,1
DA:11,2
LF:3
LH:3
end_of_record
SF:lib\presentation\bloc\movies\search_movies_state.dart
DA:4,4
DA:6,1
DA:7,1
DA:17,3
DA:19,1
DA:20,2
DA:26,2
DA:28,1
DA:29,2
LF:9
LH:9
end_of_record
SF:lib\presentation\bloc\movies\search_movies_event.dart
DA:4,3
DA:6,0
DA:7,0
DA:13,3
DA:15,1
DA:16,2
LF:6
LH:4
end_of_record
SF:lib\presentation\bloc\movies\search_movies_bloc.dart
DA:12,3
DA:13,1
DA:14,1
DA:15,1
DA:17,2
DA:19,2
DA:21,1
DA:22,1
DA:23,3
DA:25,1
DA:26,2
DA:30,1
LF:12
LH:12
end_of_record
SF:lib\presentation\bloc\tv_series\search_tv_bloc.dart
DA:13,3
DA:14,1
DA:15,1
DA:16,1
DA:18,2
DA:20,2
DA:22,1
DA:23,1
DA:24,3
DA:26,1
DA:27,2
DA:31,1
LF:12
LH:12
end_of_record
SF:lib\presentation\bloc\tv_series\search_tv_state.dart
DA:4,4
DA:6,1
DA:7,1
DA:17,3
DA:19,1
DA:20,2
DA:26,2
DA:28,1
DA:29,2
LF:9
LH:9
end_of_record
SF:lib\presentation\bloc\tv_series\search_tv_event.dart
DA:4,3
DA:6,0
DA:7,0
DA:13,3
DA:15,1
DA:16,2
LF:6
LH:4
end_of_record
SF:lib\presentation\pages\movie_search_page.dart
DA:8,9
DA:10,1
DA:12,1
DA:13,1
DA:16,1
DA:18,1
DA:20,1
DA:21,1
DA:22,1
DA:24,1
DA:25,2
DA:35,1
DA:37,1
DA:39,1
DA:40,1
DA:41,1
DA:45,1
DA:46,1
DA:47,1
DA:48,1
DA:50,1
DA:51,1
DA:52,1
DA:54,1
DA:57,1
DA:58,1
DA:59,1
DA:60,2
DA:64,1
DA:65,1
LF:30
LH:30
end_of_record
SF:lib\presentation\pages\tv_search_page.dart
DA:8,9
DA:10,1
DA:12,1
DA:13,1
DA:16,1
DA:18,1
DA:20,1
DA:21,1
DA:22,1
DA:23,3
DA:35,1
DA:37,1
DA:39,1
DA:40,1
DA:41,1
DA:45,1
DA:46,1
DA:47,1
DA:48,1
DA:50,1
DA:51,1
DA:52,1
DA:54,1
DA:57,1
DA:58,1
DA:59,1
DA:60,2
DA:64,1
DA:65,1
LF:29
LH:29
end_of_record
